<?xml version="1.0" encoding="UTF-8"?>
<!-- Generated by org.testng.reporters.JUnitXMLReporter -->
<testsuite ignored="4" hostname="Bunny---HP9919" failures="0" tests="2" name="Surefire test" time="50.22" errors="0" timestamp="2024-05-05T10:51:23 IST">
  <testcase classname="com.shoppersStack_TestScripts.Verify_user_is_able_to_add_address_Test" name="addAddress" time="5.285"/>
  <testcase classname="com.shoppersStack_TestScripts.Verify_User_Is_Able_To_Delete_Address_Test" name="deleteAddress" time="10.272"/>
  <testcase classname="com.shoppersStack.genericUtility.BaseTest" name="@BeforeSuite bs" time="0.0">
    <ignored/>
  </testcase> <!-- @BeforeSuite bs -->
  <testcase classname="com.shoppersStack.genericUtility.BaseTest" name="@AfterTest at" time="0.0">
    <ignored/>
  </testcase> <!-- @AfterTest at -->
  <testcase classname="com.shoppersStack.genericUtility.BaseTest" name="@BeforeTest bt" time="0.0">
    <ignored/>
  </testcase> <!-- @BeforeTest bt -->
  <testcase classname="com.shoppersStack.genericUtility.BaseTest" name="@AfterSuite as" time="0.0">
    <ignored/>
  </testcase> <!-- @AfterSuite as -->
</testsuite> <!-- Surefire test -->
