<?xml version="1.0" encoding="UTF-8"?>
<testng-results ignored="0" total="2" passed="2" failed="0" skipped="0">
  <reporter-output>
  </reporter-output>
  <suite started-at="2024-05-05T10:50:33 IST" name="Surefire suite" finished-at="2024-05-05T10:51:23 IST" duration-ms="50220">
    <groups>
    </groups>
    <test started-at="2024-05-05T10:50:33 IST" name="Surefire test" finished-at="2024-05-05T10:51:23 IST" duration-ms="50220">
      <class name="com.shoppersStack_TestScripts.Verify_user_is_able_to_add_address_Test">
        <test-method is-config="true" signature="bs()[pri:0, instance:com.shoppersStack_TestScripts.Verify_user_is_able_to_add_address_Test@7c0c77c7]" started-at="2024-05-05T10:50:32 IST" name="bs" finished-at="2024-05-05T10:50:33 IST" duration-ms="19" status="PASS">
          <reporter-output>
          </reporter-output>
        </test-method> <!-- bs -->
        <test-method is-config="true" signature="bt()[pri:0, instance:com.shoppersStack_TestScripts.Verify_user_is_able_to_add_address_Test@7c0c77c7]" started-at="2024-05-05T10:50:33 IST" name="bt" finished-at="2024-05-05T10:50:33 IST" duration-ms="366" status="PASS">
          <reporter-output>
          </reporter-output>
        </test-method> <!-- bt -->
        <test-method is-config="true" signature="bc()[pri:0, instance:com.shoppersStack_TestScripts.Verify_user_is_able_to_add_address_Test@7c0c77c7]" started-at="2024-05-05T10:50:33 IST" name="bc" finished-at="2024-05-05T10:50:38 IST" duration-ms="4717" status="PASS">
          <reporter-output>
          </reporter-output>
        </test-method> <!-- bc -->
        <test-method is-config="true" signature="bm()[pri:0, instance:com.shoppersStack_TestScripts.Verify_user_is_able_to_add_address_Test@7c0c77c7]" started-at="2024-05-05T10:50:38 IST" name="bm" finished-at="2024-05-05T10:50:46 IST" duration-ms="8646" status="PASS">
          <reporter-output>
          </reporter-output>
        </test-method> <!-- bm -->
        <test-method signature="addAddress()[pri:0, instance:com.shoppersStack_TestScripts.Verify_user_is_able_to_add_address_Test@7c0c77c7]" started-at="2024-05-05T10:50:46 IST" name="addAddress" finished-at="2024-05-05T10:50:52 IST" duration-ms="5285" status="PASS">
          <reporter-output>
          </reporter-output>
        </test-method> <!-- addAddress -->
        <test-method is-config="true" signature="am()[pri:0, instance:com.shoppersStack_TestScripts.Verify_user_is_able_to_add_address_Test@7c0c77c7]" started-at="2024-05-05T10:50:52 IST" name="am" finished-at="2024-05-05T10:50:52 IST" duration-ms="576" status="PASS">
          <reporter-output>
          </reporter-output>
        </test-method> <!-- am -->
        <test-method is-config="true" signature="ac()[pri:0, instance:com.shoppersStack_TestScripts.Verify_user_is_able_to_add_address_Test@7c0c77c7]" started-at="2024-05-05T10:50:52 IST" name="ac" finished-at="2024-05-05T10:50:56 IST" duration-ms="3480" status="PASS">
          <reporter-output>
          </reporter-output>
        </test-method> <!-- ac -->
        <test-method is-config="true" signature="at()[pri:0, instance:com.shoppersStack_TestScripts.Verify_user_is_able_to_add_address_Test@7c0c77c7]" started-at="2024-05-05T10:51:22 IST" name="at" finished-at="2024-05-05T10:51:23 IST" duration-ms="581" status="PASS">
          <reporter-output>
          </reporter-output>
        </test-method> <!-- at -->
        <test-method is-config="true" signature="as()[pri:0, instance:com.shoppersStack_TestScripts.Verify_user_is_able_to_add_address_Test@7c0c77c7]" started-at="2024-05-05T10:51:23 IST" name="as" finished-at="2024-05-05T10:51:23 IST" duration-ms="0" status="PASS">
          <reporter-output>
          </reporter-output>
        </test-method> <!-- as -->
      </class> <!-- com.shoppersStack_TestScripts.Verify_user_is_able_to_add_address_Test -->
      <class name="com.shoppersStack_TestScripts.Verify_User_Is_Able_To_Delete_Address_Test">
        <test-method is-config="true" signature="bc()[pri:0, instance:com.shoppersStack_TestScripts.Verify_User_Is_Able_To_Delete_Address_Test@65466a6a]" started-at="2024-05-05T10:50:56 IST" name="bc" finished-at="2024-05-05T10:51:00 IST" duration-ms="4294" status="PASS">
          <reporter-output>
          </reporter-output>
        </test-method> <!-- bc -->
        <test-method is-config="true" signature="bm()[pri:0, instance:com.shoppersStack_TestScripts.Verify_User_Is_Able_To_Delete_Address_Test@65466a6a]" started-at="2024-05-05T10:51:00 IST" name="bm" finished-at="2024-05-05T10:51:08 IST" duration-ms="8019" status="PASS">
          <reporter-output>
          </reporter-output>
        </test-method> <!-- bm -->
        <test-method signature="deleteAddress()[pri:0, instance:com.shoppersStack_TestScripts.Verify_User_Is_Able_To_Delete_Address_Test@65466a6a]" started-at="2024-05-05T10:51:08 IST" name="deleteAddress" finished-at="2024-05-05T10:51:18 IST" duration-ms="10272" status="PASS">
          <reporter-output>
          </reporter-output>
        </test-method> <!-- deleteAddress -->
        <test-method is-config="true" signature="am()[pri:0, instance:com.shoppersStack_TestScripts.Verify_User_Is_Able_To_Delete_Address_Test@65466a6a]" started-at="2024-05-05T10:51:18 IST" name="am" finished-at="2024-05-05T10:51:19 IST" duration-ms="465" status="PASS">
          <reporter-output>
          </reporter-output>
        </test-method> <!-- am -->
        <test-method is-config="true" signature="ac()[pri:0, instance:com.shoppersStack_TestScripts.Verify_User_Is_Able_To_Delete_Address_Test@65466a6a]" started-at="2024-05-05T10:51:19 IST" name="ac" finished-at="2024-05-05T10:51:22 IST" duration-ms="3455" status="PASS">
          <reporter-output>
          </reporter-output>
        </test-method> <!-- ac -->
      </class> <!-- com.shoppersStack_TestScripts.Verify_User_Is_Able_To_Delete_Address_Test -->
    </test> <!-- Surefire test -->
  </suite> <!-- Surefire suite -->
</testng-results>
