<?xml version="1.0" encoding="UTF-8"?>
<testng-results ignored="0" total="1" passed="1" failed="0" skipped="0">
  <reporter-output>
  </reporter-output>
  <suite started-at="2024-05-05T09:59:19 IST" name="Default suite" finished-at="2024-05-05T10:00:14 IST" duration-ms="54459">
    <groups>
    </groups>
    <test started-at="2024-05-05T09:59:19 IST" name="Default test" finished-at="2024-05-05T10:00:14 IST" duration-ms="54459">
      <class name="com.shoppersStack_TestScripts.Verify_User_Is_Able_To_Delete_Address_Test">
        <test-method is-config="true" signature="bs()[pri:0, instance:com.shoppersStack_TestScripts.Verify_User_Is_Able_To_Delete_Address_Test@36fc695d]" started-at="2024-05-05T09:59:19 IST" name="bs" finished-at="2024-05-05T09:59:19 IST" duration-ms="17" status="PASS">
          <reporter-output>
          </reporter-output>
        </test-method> <!-- bs -->
        <test-method is-config="true" signature="bt()[pri:0, instance:com.shoppersStack_TestScripts.Verify_User_Is_Able_To_Delete_Address_Test@36fc695d]" started-at="2024-05-05T09:59:19 IST" name="bt" finished-at="2024-05-05T09:59:20 IST" duration-ms="454" status="PASS">
          <reporter-output>
          </reporter-output>
        </test-method> <!-- bt -->
        <test-method is-config="true" signature="bc()[pri:0, instance:com.shoppersStack_TestScripts.Verify_User_Is_Able_To_Delete_Address_Test@36fc695d]" started-at="2024-05-05T09:59:20 IST" name="bc" finished-at="2024-05-05T09:59:24 IST" duration-ms="3647" status="PASS">
          <reporter-output>
          </reporter-output>
        </test-method> <!-- bc -->
        <test-method is-config="true" signature="bm()[pri:0, instance:com.shoppersStack_TestScripts.Verify_User_Is_Able_To_Delete_Address_Test@36fc695d]" started-at="2024-05-05T09:59:24 IST" name="bm" finished-at="2024-05-05T09:59:59 IST" duration-ms="35379" status="PASS">
          <reporter-output>
          </reporter-output>
        </test-method> <!-- bm -->
        <test-method signature="deleteAddress()[pri:0, instance:com.shoppersStack_TestScripts.Verify_User_Is_Able_To_Delete_Address_Test@36fc695d]" started-at="2024-05-05T09:59:59 IST" name="deleteAddress" finished-at="2024-05-05T10:00:09 IST" duration-ms="10418" status="PASS">
          <reporter-output>
          </reporter-output>
        </test-method> <!-- deleteAddress -->
        <test-method is-config="true" signature="am()[pri:0, instance:com.shoppersStack_TestScripts.Verify_User_Is_Able_To_Delete_Address_Test@36fc695d]" started-at="2024-05-05T10:00:09 IST" name="am" finished-at="2024-05-05T10:00:10 IST" duration-ms="342" status="PASS">
          <reporter-output>
          </reporter-output>
        </test-method> <!-- am -->
        <test-method is-config="true" signature="ac()[pri:0, instance:com.shoppersStack_TestScripts.Verify_User_Is_Able_To_Delete_Address_Test@36fc695d]" started-at="2024-05-05T10:00:10 IST" name="ac" finished-at="2024-05-05T10:00:13 IST" duration-ms="3516" status="PASS">
          <reporter-output>
          </reporter-output>
        </test-method> <!-- ac -->
        <test-method is-config="true" signature="at()[pri:0, instance:com.shoppersStack_TestScripts.Verify_User_Is_Able_To_Delete_Address_Test@36fc695d]" started-at="2024-05-05T10:00:13 IST" name="at" finished-at="2024-05-05T10:00:14 IST" duration-ms="630" status="PASS">
          <reporter-output>
          </reporter-output>
        </test-method> <!-- at -->
        <test-method is-config="true" signature="as()[pri:0, instance:com.shoppersStack_TestScripts.Verify_User_Is_Able_To_Delete_Address_Test@36fc695d]" started-at="2024-05-05T10:00:14 IST" name="as" finished-at="2024-05-05T10:00:14 IST" duration-ms="16" status="PASS">
          <reporter-output>
          </reporter-output>
        </test-method> <!-- as -->
      </class> <!-- com.shoppersStack_TestScripts.Verify_User_Is_Able_To_Delete_Address_Test -->
    </test> <!-- Default test -->
  </suite> <!-- Default suite -->
</testng-results>
