<?xml version="1.0" encoding="UTF-8"?>
<!-- Generated by org.testng.reporters.JUnitXMLReporter -->
<testsuite ignored="0" hostname="Bunny---HP9919" failures="1" tests="1" name="Test" time="21.441" errors="0" timestamp="2024-05-05T09:28:32 IST">
  <testcase classname="com.shoppersStack_TestScripts.Verify_user_is_able_to_add_address_Test" name="addAddress" time="2.924">
    <failure type="org.apache.poi.ooxml.POIXMLException" message="org.apache.xmlbeans.XmlException: error: Premature end of file.">
      <![CDATA[org.apache.poi.ooxml.POIXMLException: org.apache.xmlbeans.XmlException: error: Premature end of file.
at org.apache.poi.xssf.usermodel.XSSFWorkbook.onDocumentRead(XSSFWorkbook.java:439)
at org.apache.poi.ooxml.POIXMLDocument.load(POIXMLDocument.java:184)
at org.apache.poi.xssf.usermodel.XSSFWorkbook.<init>(XSSFWorkbook.java:288)
at org.apache.poi.xssf.usermodel.XSSFWorkbookFactory.createWorkbook(XSSFWorkbookFactory.java:97)
at org.apache.poi.xssf.usermodel.XSSFWorkbookFactory.createWorkbook(XSSFWorkbookFactory.java:147)
at org.apache.poi.ss.usermodel.WorkbookFactory.create(WorkbookFactory.java:256)
at org.apache.poi.ss.usermodel.WorkbookFactory.create(WorkbookFactory.java:221)
at com.shoppersStack.genericUtility.FileUtility.readExcelData(FileUtility.java:22)
at com.shoppersStack_TestScripts.Verify_user_is_able_to_add_address_Test.addAddress(Verify_user_is_able_to_add_address_Test.java:28)
at java.base/java.util.ArrayList.forEach(ArrayList.java:1511)
Caused by: org.apache.xmlbeans.XmlException: error: Premature end of file.
at org.apache.xmlbeans.impl.store.Locale$SaxLoader.load(Locale.java:3448)
at org.apache.xmlbeans.impl.store.Locale.parseToXmlObject(Locale.java:1272)
at org.apache.xmlbeans.impl.store.Locale.parseToXmlObject(Locale.java:1259)
at org.apache.xmlbeans.impl.schema.SchemaTypeLoaderBase.parse(SchemaTypeLoaderBase.java:345)
at org.openxmlformats.schemas.spreadsheetml.x2006.main.WorkbookDocument$Factory.parse(Unknown Source)
at org.apache.poi.xssf.usermodel.XSSFWorkbook.onDocumentRead(XSSFWorkbook.java:368)
... 40 more
Caused by: org.xml.sax.SAXParseException; systemId: file://; lineNumber: 1; columnNumber: 1; Premature end of file.
at java.xml/com.sun.org.apache.xerces.internal.util.ErrorHandlerWrapper.createSAXParseException(ErrorHandlerWrapper.java:204)
at java.xml/com.sun.org.apache.xerces.internal.util.ErrorHandlerWrapper.fatalError(ErrorHandlerWrapper.java:178)
at java.xml/com.sun.org.apache.xerces.internal.impl.XMLErrorReporter.reportError(XMLErrorReporter.java:400)
at java.xml/com.sun.org.apache.xerces.internal.impl.XMLErrorReporter.reportError(XMLErrorReporter.java:327)
at java.xml/com.sun.org.apache.xerces.internal.impl.XMLScanner.reportFatalError(XMLScanner.java:1465)
at java.xml/com.sun.org.apache.xerces.internal.impl.XMLDocumentScannerImpl$PrologDriver.next(XMLDocumentScannerImpl.java:1013)
at java.xml/com.sun.org.apache.xerces.internal.impl.XMLDocumentScannerImpl.next(XMLDocumentScannerImpl.java:605)
at java.xml/com.sun.org.apache.xerces.internal.impl.XMLNSDocumentScannerImpl.next(XMLNSDocumentScannerImpl.java:112)
at java.xml/com.sun.org.apache.xerces.internal.impl.XMLDocumentFragmentScannerImpl.scanDocument(XMLDocumentFragmentScannerImpl.java:542)
at java.xml/com.sun.org.apache.xerces.internal.parsers.XML11Configuration.parse(XML11Configuration.java:889)
at java.xml/com.sun.org.apache.xerces.internal.parsers.XML11Configuration.parse(XML11Configuration.java:825)
at java.xml/com.sun.org.apache.xerces.internal.parsers.XMLParser.parse(XMLParser.java:141)
at java.xml/com.sun.org.apache.xerces.internal.parsers.AbstractSAXParser.parse(AbstractSAXParser.java:1224)
at java.xml/com.sun.org.apache.xerces.internal.jaxp.SAXParserImpl$JAXPSAXParser.parse(SAXParserImpl.java:637)
at org.apache.xmlbeans.impl.store.Locale$SaxLoader.load(Locale.java:3422)
... 45 more
... Removed 31 stack frames]]>
    </failure>
  </testcase> <!-- addAddress -->
</testsuite> <!-- Test -->
